[12:59:42 - main] [Cooja.java:1317] [INFO] - > Starting Cooja
[12:59:42 - main] [Cooja.java:2858] [INFO] - External tools default settings: /external_tools_linux_64.config
[12:59:42 - main] [Cooja.java:2888] [INFO] - External tools user settings: /home/user/.cooja.user.properties
[12:59:42 - main] [Cooja.java:4263] [WARN] - Replaced [APPS_DIR]/collect-view with /home/user/cooja/apps/collect-view (default: /home/user/cooja/apps), but could not find it. This does not have to be an error, as the file might be created later.
[12:59:42 - main] [Cooja.java:3627] [WARN] - Loaded simulation may depend on not found  extension: '/home/user/cooja/apps/collect-view'
[12:59:42 - main] [Simulation.java:422] [INFO] - Simulation random seed: 123456
[12:59:42 - main] [MspMote.java:235] [INFO] - Loading firmware from: /media/sf_host/Lab4-exercise/chain-template/chain.sky
[12:59:43 - main] [MspMote.java:235] [INFO] - Loading firmware from: /media/sf_host/Lab4-exercise/chain-template/chain.sky
[12:59:43 - main] [MspMote.java:235] [INFO] - Loading firmware from: /media/sf_host/Lab4-exercise/chain-template/chain.sky
[12:59:43 - main] [MspMote.java:235] [INFO] - Loading firmware from: /media/sf_host/Lab4-exercise/chain-template/chain.sky
[12:59:43 - main] [MspMote.java:235] [INFO] - Loading firmware from: /media/sf_host/Lab4-exercise/chain-template/chain.sky
[12:59:43 - main] [MspMote.java:235] [INFO] - Loading firmware from: /media/sf_host/Lab4-exercise/chain-template/chain.sky
[12:59:43 - main] [MspMote.java:235] [INFO] - Loading firmware from: /media/sf_host/Lab4-exercise/chain-template/chain.sky
[12:59:43 - main] [MspMote.java:235] [INFO] - Loading firmware from: /media/sf_host/Lab4-exercise/chain-template/chain.sky
[12:59:43 - main] [MspMote.java:235] [INFO] - Loading firmware from: /media/sf_host/Lab4-exercise/chain-template/chain.sky
[12:59:43 - main] [MspMote.java:235] [INFO] - Loading firmware from: /media/sf_host/Lab4-exercise/chain-template/chain.sky
[12:59:43 - main] [Visualizer.java:256] [INFO] - Registered external visualizer: org.contikios.cooja.plugins.skins.DGRMVisualizerSkin
[12:59:43 - main] [TimeLine.java:567] [INFO] - Zoom level: 50000.0 microseconds/pixel 
[12:59:49 - Thread-1] [Simulation.java:253] [INFO] - Simulation main loop started, system time: 1761217189962
[13:00:58 - Thread-1] [Simulation.java:312] [INFO] - Simulation main loop stopped, system time: 1761217258690	Duration: 68728 ms	Simulated time 67976 ms	Ratio 0.989058316843208
