[14:30:10 - main] [Cooja.java:1317] [INFO] - > Starting Cooja
[14:30:10 - main] [Cooja.java:2858] [INFO] - External tools default settings: /external_tools_linux_64.config
[14:30:10 - main] [Cooja.java:2888] [INFO] - External tools user settings: /home/user/.cooja.user.properties
[14:30:10 - main] [Cooja.java:4263] [WARN] - Replaced [APPS_DIR]/collect-view with /home/user/cooja/apps/collect-view (default: /home/user/cooja/apps), but could not find it. This does not have to be an error, as the file might be created later.
[14:30:10 - main] [Cooja.java:3627] [WARN] - Loaded simulation may depend on not found  extension: '/home/user/cooja/apps/collect-view'
[14:30:10 - main] [Simulation.java:422] [INFO] - Simulation random seed: 123456
[14:30:11 - main] [MspMote.java:235] [INFO] - Loading firmware from: /media/sf_host/Lab6-exercise/data-collection-template/app.sky
[14:30:11 - main] [MspMote.java:235] [INFO] - Loading firmware from: /media/sf_host/Lab6-exercise/data-collection-template/app.sky
[14:30:11 - main] [MspMote.java:235] [INFO] - Loading firmware from: /media/sf_host/Lab6-exercise/data-collection-template/app.sky
[14:30:11 - main] [MspMote.java:235] [INFO] - Loading firmware from: /media/sf_host/Lab6-exercise/data-collection-template/app.sky
[14:30:11 - main] [MspMote.java:235] [INFO] - Loading firmware from: /media/sf_host/Lab6-exercise/data-collection-template/app.sky
[14:30:11 - main] [MspMote.java:235] [INFO] - Loading firmware from: /media/sf_host/Lab6-exercise/data-collection-template/app.sky
[14:30:11 - main] [MspMote.java:235] [INFO] - Loading firmware from: /media/sf_host/Lab6-exercise/data-collection-template/app.sky
[14:30:11 - main] [MspMote.java:235] [INFO] - Loading firmware from: /media/sf_host/Lab6-exercise/data-collection-template/app.sky
[14:30:11 - main] [MspMote.java:235] [INFO] - Loading firmware from: /media/sf_host/Lab6-exercise/data-collection-template/app.sky
[14:30:11 - main] [MspMote.java:235] [INFO] - Loading firmware from: /media/sf_host/Lab6-exercise/data-collection-template/app.sky
[14:30:11 - main] [Visualizer.java:256] [INFO] - Registered external visualizer: org.contikios.cooja.plugins.skins.DGRMVisualizerSkin
[14:30:12 - main] [TimeLine.java:567] [INFO] - Zoom level: 50000.0 microseconds/pixel 
[14:30:16 - Thread-1] [Simulation.java:253] [INFO] - Simulation main loop started, system time: 1762435816258
[14:30:29 - Thread-1] [Simulation.java:312] [INFO] - Simulation main loop stopped, system time: 1762435829392	Duration: 13134 ms	Simulated time 260878 ms	Ratio 19.86279884269834
